Log file open, 03/24/15 12:22:20
LogInit:Display: Running engine for game: FPS
LogInit: Version: 4.6.0-2357962+++depot+UE4-Releases+4.6
LogInit: API Version: 2357962
LogInit: Compiled (64-bit): Nov 12 2014 22:31:22
LogInit: Compiled with Visual C++: 18.00.21005.01
LogInit: Build Configuration: Development
LogInit: Branch Name: ++depot+UE4-Releases+4.6
LogInit: Command line: 
LogInit: Base directory: D:/Архив/Программы/UE-4.6/4.6/4.6/Engine/Binaries/Win64/
LogInit: Rocket: 1
[2015.03.24-09.22.20:762][  0]LogTaskGraph: Started task graph with 3 named threads and 4 total threads.
[2015.03.24-09.22.20:812][  0]LogOnline:Warning: No default platform service specified for OnlineSubsystem
[2015.03.24-09.22.20:873][  0]LogInit: Presizing for 0 objects not considered by GC, pre-allocating 0 bytes.
[2015.03.24-09.22.20:905][  0]LogInit: Object subsystem initialized
[2015.03.24-09.22.20:912][  0]LogConsoleResponse:Warning: Skipping Unknown console variable: 'UIScaleRule = ShortestSide'
[2015.03.24-09.22.20:912][  0]LogConsoleResponse:Warning:   Found in ini file 'D:/Архив/Проекты/UE4 Projects/FPS/Saved/Config/Windows/Engine.ini', in section '[/Script/Engine.RendererSettings]'
[2015.03.24-09.22.20:912][  0]LogConsoleResponse:Warning: Skipping Unknown console variable: 'UIScaleCurve = (EditorCurveData=(Keys=),ExternalCurve=None)'
[2015.03.24-09.22.20:912][  0]LogConsoleResponse:Warning:   Found in ini file 'D:/Архив/Проекты/UE4 Projects/FPS/Saved/Config/Windows/Engine.ini', in section '[/Script/Engine.RendererSettings]'
[2015.03.24-09.22.20:913][  0]LogConsoleManager:Warning: Console variable 'r.MSAA.CompositingSampleCount' wasn't set (Priority ProjectSetting < Scalability)
[2015.03.24-09.22.20:914][  0]LogInit: Selected Device Profile: [Windows]
[2015.03.24-09.22.20:914][  0]LogInit: Applying CVar settings loaded from the selected device profile: [Windows]
[2015.03.24-09.22.20:937][  0]LogInit: Computer: VALENTIN-PC
[2015.03.24-09.22.20:937][  0]LogInit: User: Valentin
[2015.03.24-09.22.20:937][  0]LogInit: CPU Page size=4096, Cores=2
[2015.03.24-09.22.20:937][  0]LogInit: High frequency timer resolution =1.753821 MHz
[2015.03.24-09.22.20:937][  0]LogMemory: Memory total: Physical=3.9GB (4GB approx) Virtual=131072.0GB
[2015.03.24-09.22.20:938][  0]LogMemory: Platform Memory Stats for Windows
[2015.03.24-09.22.20:938][  0]LogMemory: Process Physical Memory: 46.90 MB used, 46.90 MB peak
[2015.03.24-09.22.20:938][  0]LogMemory: Process Virtual Memory: 24.05 MB used, 24.05 MB peak
[2015.03.24-09.22.20:938][  0]LogMemory: Physical Memory: 2562.71 MB used, 3983.35 MB total
[2015.03.24-09.22.20:938][  0]LogMemory: Virtual Memory: 270.36 MB used, 134217728.00 MB total
[2015.03.24-09.22.20:989][  0]LogD3D11RHI: Found D3D11 adapter 0: Intel(R) HD Graphics 4000 (Feature Level 11_0)
[2015.03.24-09.22.20:989][  0]LogD3D11RHI: Adapter has 1043MB of dedicated video memory, 0MB of dedicated system memory, and 1991MB of shared system memory, 1 output[s]
[2015.03.24-09.22.20:993][  0]LogD3D11RHI: Found D3D11 adapter 1: Microsoft Basic Render Driver (Feature Level 11_0)
[2015.03.24-09.22.20:993][  0]LogD3D11RHI: Adapter has 0MB of dedicated video memory, 0MB of dedicated system memory, and 256MB of shared system memory, 0 output[s]
[2015.03.24-09.22.20:993][  0]LogD3D11RHI: Chosen D3D11 Adapter Id = 0
[2015.03.24-09.22.21:005][  0]LogRHI: Texture pool is 1361 MB (70% of 1945 MB)
[2015.03.24-09.22.21:032][  0]LogD3D11RHI: Async texture creation enabled
[2015.03.24-09.22.21:136][  0]LogTextLocalizationManager: The requested culture ('ru_RU') has no localization data; falling back to 'en' for localization and internationalization data.
[2015.03.24-09.22.21:694][  0]LogContentStreaming: Texture pool size is 0.000000MB
[2015.03.24-09.22.44:374][  0]LogTargetPlatformManager:Display: Building Assets For Windows
[2015.03.24-09.22.46:447][  0]LogTargetPlatformManager:Display: Building Assets For Windows
[2015.03.24-09.22.46:654][  0]LogDerivedDataCache:Display: Max Cache Size: 512 MB
[2015.03.24-09.22.46:795][  0]LogDerivedDataCache: Loaded boot cache 0.14s 39MB C:/Users/Valentin/AppData/Local/UnrealEngine/4.6/DerivedDataCache/Boot.ddc.
[2015.03.24-09.22.46:795][  0]LogDerivedDataCache:Display: Loaded Boot cache: C:/Users/Valentin/AppData/Local/UnrealEngine/4.6/DerivedDataCache/Boot.ddc
[2015.03.24-09.22.46:795][  0]LogDerivedDataCache: FDerivedDataBackendGraph:  Pak pak cache file ../../../../../../../Проекты/UE4 Projects/FPS/DerivedDataCache/DDC.ddp not found, will not use a pak cache.
[2015.03.24-09.22.46:795][  0]LogDerivedDataCache: Unable to find inner node Pak for hierarchical cache Hierarchy.
[2015.03.24-09.22.47:079][  0]LogDerivedDataCache:Display: Pak cache opened for reading ../../../Engine/DerivedDataCache/DDC.ddp.
[2015.03.24-09.22.47:095][  0]LogDerivedDataCache: Using Local data cache path C:/Users/Valentin/AppData/Local/UnrealEngine/Common/DerivedDataCache: Writable
[2015.03.24-09.22.47:645][  0]LogCollisionProfile:Warning: Profile (UI) - Custom Channel Name = 'Weapon' hasn't been found
[2015.03.24-09.22.47:645][  0]LogCollisionProfile:Warning: Profile (UI) - Custom Channel Name = 'None' hasn't been found
[2015.03.24-09.22.48:248][  0]LogMeshUtilities: No automatic mesh reduction module available
[2015.03.24-09.22.48:248][  0]LogMeshUtilities: No automatic mesh merging module available
[2015.03.24-09.22.49:812][  0]LogInit: WinSock: version 1.1 (2.2), MaxSocks=32767, MaxUdp=65467
[2015.03.24-09.22.50:021][  0]LogSlate:Warning: Failed to load font data from '../../../Engine/Content/Slate/Fonts/Roboto-Italic.ttf'
[2015.03.24-09.22.53:414][  0]UdpMessaging: Initializing bridge on interface 0.0.0.0:0 to multicast group 230.0.0.1:6666.
[2015.03.24-09.22.53:862][  0]LogDirectoryWatcher:Warning: Failed to begin reading directory changes for D:/Архив/Проекты/UE4 Projects/FPS/Binaries/Win64. Error: 0
[2015.03.24-09.22.54:443][  0]SourceControl: Info Source control is disabled
[2015.03.24-09.22.54:444][  0]SourceControl: Info Source control is disabled
[2015.03.24-09.22.54:467][  0]SourceControl: Info Source control is disabled
[2015.03.24-09.22.54:937][  0]LogObj: 23753 objects as part of root set at end of initial load.
[2015.03.24-09.22.54:937][  0]LogUObjectAllocator: 5167992 out of 0 bytes used by permanent object pool.
[2015.03.24-09.22.55:124][  0]LogEngine: Initializing Engine...
[2015.03.24-09.22.55:835][  0]LogInit: XAudio2 using 'Динамики (Realtek High Definition Audio)' : 2 channels at 48 kHz using 32 bits per sample (channel mask 0x3)
[2015.03.24-09.22.55:866][  0]LogInit: FAudioDevice initialized.
[2015.03.24-09.22.55:940][  0]LogAIModule: Creating AISystem for world NewWorld
[2015.03.24-09.22.56:017][  0]LogDerivedDataCache: Saved boot cache 0.07s 39MB C:/Users/Valentin/AppData/Local/UnrealEngine/4.6/DerivedDataCache/Boot.ddc.
[2015.03.24-09.22.56:035][  0]LogInit: Texture streaming: Enabled
[2015.03.24-09.22.56:137][  0]LogAnalytics: Creating configured Analytics provider AnalyticsET
[2015.03.24-09.22.56:137][  0]LogAnalytics: ET APIKey = Rocket.Release. APIServer = http://et2.epicgames.com/ET2/. AppVersion = 4.6.0-2357962+++depot+UE4-Releases+4.6
[2015.03.24-09.22.56:142][  0]LogAnalytics: SetUserId f4e46f2a8456a324a45c4c3e0825851b
[2015.03.24-09.22.56:142][  0]LogAnalytics: AnalyticsET::StartSession [Rocket.Release]
[2015.03.24-09.22.56:203][  0]LogInit: Transaction tracking system initialized
[2015.03.24-09.22.56:804][  0]BlueprintLog: New page: Editor Load
[2015.03.24-09.22.56:892][  0]LogAssetRegistry: FAssetRegistry took 0.0115 seconds to start up
[2015.03.24-09.22.56:893][  0]LogDirectoryWatcher:Warning: Failed to begin reading directory changes for ../../../Engine/Plugins/Experimental/CharacterAI/Content/. Error: 0
[2015.03.24-09.22.59:053][  0]LogTargetPlatformManager:Display: Building Assets For Windows
[2015.03.24-09.23.00:404][  0]LogTargetPlatformManager:Display: Building Assets For Windows
[2015.03.24-09.23.00:988][  0]LogConsoleResponse:Display: 
[2015.03.24-09.23.01:596][  0]LogCookOnTheFly:Display: Sandbox cleanup took 0.021 seconds
[2015.03.24-09.23.19:855][  0]LogCookOnTheFly:Display: Creating asset registry [is editor: 1]
[2015.03.24-09.23.19:855][  0]LogCookOnTheFly:Display: Done creating registry. It took  0.00s.
[2015.03.24-09.23.20:278][  0]SourceControl: Info Source control is disabled
[2015.03.24-09.23.20:278][  0]Cmd: MAP LOAD FILE="../../../../../../../Проекты/UE4 Projects/FPS/Content/Maps/Example_Map.umap" TEMPLATE=0 SHOWPROGRESS=1
[2015.03.24-09.23.20:280][  0]LightingResults: New page: Lighting Build
[2015.03.24-09.23.20:319][  0]MapCheck: New page: Map Check
[2015.03.24-09.23.20:319][  0]LightingResults: New page: Lighting Build
[2015.03.24-09.23.20:389][  0]LogParticles: Destroying 0 GPU particle simulations for FXSystem 0x0000001C3792BE20
[2015.03.24-09.23.22:657][  0]LogEditorServer: Finished looking for orphan Actors (0.000 secs)
[2015.03.24-09.23.22:658][  0]LogAIModule: Creating AISystem for world Example_Map
[2015.03.24-09.23.22:659][  0]Cmd: MAP CHECKDEP
[2015.03.24-09.23.22:660][  0]MapCheck: New page: Example_Map - Mar 24, 2015, 3:23:22 PM
[2015.03.24-09.23.23:285][  0]MapCheck: Info Map check complete: 0 Error(s), 0 Warning(s), took 625.445ms to complete.
[2015.03.24-09.23.23:286][  0]LogFileHelpers: Loading map 'Example_Map' took 3.008
[2015.03.24-09.23.23:560][  0]LogCollectionManager: Loaded 0 collections in 0.003362 seconds
[2015.03.24-09.23.23:962][  0]LogCrashTracker: Crashtracker disabled due to settings.
[2015.03.24-09.23.23:982][  0]LogUObjectGlobals:Warning: Failed to find object 'Class None.'
[2015.03.24-09.23.24:042][  0]LogLoad: Full Startup: 69.29 seconds (BP compile: 0.37 seconds)
[2015.03.24-09.23.24:086][  0]LogContentBrowser:Verbose: The content browser source was changed by the sources view to '/Game/Blueprints'
[2015.03.24-09.23.24:467][  0]LogRenderer:Warning: Reallocating scene render targets to support 808x592.
[2015.03.24-09.23.26:617][  8]LogAssetRegistry: Asset discovery search completed in 29.7364 seconds
[2015.03.24-09.24.05:968][162]LogActorComponent: UnregisterComponent: (/Engine/Transient.ProjectileMovementComponent_0) Not registered. Aborting.
[2015.03.24-09.24.08:524][163]Cmd: QUIT_EDITOR
[2015.03.24-09.24.10:193][163]LogExit: Preparing to exit.
[2015.03.24-09.24.10:657][163]LogExit: Editor shut down
[2015.03.24-09.24.10:658][163]LogExit: Transaction tracking system shut down
[2015.03.24-09.24.10:661][163]LogParticles: Destroying 0 GPU particle simulations for FXSystem 0x0000001C2E68C5E0
[2015.03.24-09.24.10:723][163]LogParticles: Destroying 0 GPU particle simulations for FXSystem 0x0000001C2D567240
[2015.03.24-09.24.10:723][163]LogExit: Object subsystem successfully closed.
[2015.03.24-09.24.10:860][163]LogModuleManager: Shutting down and abandoning module AndroidDeviceDetection (172)
[2015.03.24-09.24.10:860][163]LogModuleManager: Shutting down and abandoning module CrashTracker (171)
[2015.03.24-09.24.10:860][163]LogModuleManager: Shutting down and abandoning module SuperSearch (170)
[2015.03.24-09.24.10:860][163]LogModuleManager: Shutting down and abandoning module SceneOutliner (169)
[2015.03.24-09.24.10:860][163]LogModuleManager: Shutting down and abandoning module EditorWidgets (168)
[2015.03.24-09.24.10:860][163]LogModuleManager: Shutting down and abandoning module CollectionManager (167)
[2015.03.24-09.24.10:861][163]LogModuleManager: Shutting down and abandoning module StatsViewer (166)
[2015.03.24-09.24.10:861][163]LogModuleManager: Shutting down and abandoning module FoliageEdit (165)
[2015.03.24-09.24.10:861][163]LogModuleManager: Shutting down and abandoning module LandscapeEditor (164)
[2015.03.24-09.24.10:861][163]LogModuleManager: Shutting down and abandoning module MeshPaint (163)
[2015.03.24-09.24.10:861][163]LogModuleManager: Shutting down and abandoning module ActorPickerMode (162)
[2015.03.24-09.24.10:861][163]LogModuleManager: Shutting down and abandoning module GeometryMode (161)
[2015.03.24-09.24.10:861][163]LogModuleManager: Shutting down and abandoning module TextureAlignMode (160)
[2015.03.24-09.24.10:861][163]LogModuleManager: Shutting down and abandoning module BspMode (159)
[2015.03.24-09.24.10:861][163]LogModuleManager: Shutting down and abandoning module PlacementMode (158)
[2015.03.24-09.24.10:861][163]LogModuleManager: Shutting down and abandoning module AutomationWorker (157)
[2015.03.24-09.24.10:862][163]LogModuleManager: Shutting down and abandoning module CharacterAI (156)
[2015.03.24-09.24.10:862][163]LogModuleManager: Shutting down and abandoning module GameProjectGeneration (155)
[2015.03.24-09.24.10:862][163]LogModuleManager: Shutting down and abandoning module IntroTutorials (154)
[2015.03.24-09.24.10:862][163]LogModuleManager: Shutting down and abandoning module EditorLiveStreaming (153)
[2015.03.24-09.24.10:862][163]LogModuleManager: Shutting down and abandoning module HardwareTargeting (152)
[2015.03.24-09.24.10:862][163]LogModuleManager: Shutting down and abandoning module DeviceProfileEditor (151)
[2015.03.24-09.24.10:862][163]LogModuleManager: Shutting down and abandoning module UndoHistory (150)
[2015.03.24-09.24.10:862][163]LogModuleManager: Shutting down and abandoning module GameplayTagsEditor (149)
[2015.03.24-09.24.10:862][163]LogModuleManager: Shutting down and abandoning module UserFeedback (148)
[2015.03.24-09.24.10:862][163]LogModuleManager: Shutting down and abandoning module XmlParser (147)
[2015.03.24-09.24.10:862][163]LogModuleManager: Shutting down and abandoning module Blutility (146)
[2015.03.24-09.24.10:862][163]LogModuleManager: Shutting down and abandoning module IOSPlatformEditor (145)
[2015.03.24-09.24.10:862][163]LogModuleManager: Shutting down and abandoning module IOSRuntimeSettings (144)
[2015.03.24-09.24.10:862][163]LogModuleManager: Shutting down and abandoning module AndroidPlatformEditor (143)
[2015.03.24-09.24.10:862][163]LogModuleManager: Shutting down and abandoning module AndroidRuntimeSettings (142)
[2015.03.24-09.24.10:863][163]LogModuleManager: Shutting down and abandoning module ProjectTargetPlatformEditor (141)
[2015.03.24-09.24.10:863][163]LogModuleManager: Shutting down and abandoning module ProjectSettingsViewer (140)
[2015.03.24-09.24.10:863][163]LogModuleManager: Shutting down and abandoning module InputBindingEditor (139)
[2015.03.24-09.24.10:864][163]LogModuleManager: Shutting down and abandoning module EditorSettingsViewer (138)
[2015.03.24-09.24.10:864][163]LogModuleManager: Shutting down and abandoning module SettingsEditor (137)
[2015.03.24-09.24.10:864][163]LogModuleManager: Shutting down and abandoning module ProjectLauncher (136)
[2015.03.24-09.24.10:864][163]LogModuleManager: Shutting down and abandoning module SessionFrontend (135)
[2015.03.24-09.24.10:864][163]LogModuleManager: Shutting down and abandoning module ProfilerClient (134)
[2015.03.24-09.24.10:864][163]LogModuleManager: Shutting down and abandoning module TargetDeviceServices (133)
[2015.03.24-09.24.10:864][163]LogModuleManager: Shutting down and abandoning module DeviceManager (132)
[2015.03.24-09.24.10:865][163]LogModuleManager: Shutting down and abandoning module AutomationController (131)
[2015.03.24-09.24.10:865][163]LogModuleManager: Shutting down and abandoning module AutomationWindow (130)
[2015.03.24-09.24.10:865][163]LogModuleManager: Shutting down and abandoning module Layers (129)
[2015.03.24-09.24.10:865][163]LogModuleManager: Shutting down and abandoning module ComponentVisualizers (128)
[2015.03.24-09.24.10:865][163]LogModuleManager: Shutting down and abandoning module DetailCustomizations (127)
[2015.03.24-09.24.10:865][163]LogModuleManager: Shutting down and abandoning module PackagesDialog (126)
[2015.03.24-09.24.10:865][163]LogModuleManager: Shutting down and abandoning module AssetRegistry (125)
[2015.03.24-09.24.10:965][163]LogModuleManager: Shutting down and abandoning module Persona (124)
[2015.03.24-09.24.10:965][163]LogModuleManager: Shutting down and abandoning module Kismet (123)
[2015.03.24-09.24.10:966][163]LogModuleManager: Shutting down and abandoning module GraphEditor (122)
[2015.03.24-09.24.10:966][163]LogModuleManager: Shutting down and abandoning module ClassViewer (121)
[2015.03.24-09.24.10:966][163]LogModuleManager: Shutting down and abandoning module Toolbox (120)
[2015.03.24-09.24.10:966][163]LogModuleManager: Shutting down and abandoning module ModuleUI (119)
[2015.03.24-09.24.10:966][163]LogModuleManager: Shutting down and abandoning module MovieSceneTools (118)
[2015.03.24-09.24.10:966][163]LogModuleManager: Shutting down and abandoning module OutputLog (117)
[2015.03.24-09.24.10:966][163]LogModuleManager: Shutting down and abandoning module GammaUI (116)
[2015.03.24-09.24.10:966][163]LogModuleManager: Shutting down and abandoning module Documentation (115)
[2015.03.24-09.24.10:966][163]LogModuleManager: Shutting down and abandoning module GameLiveStreaming (114)
[2015.03.24-09.24.10:966][163]LogModuleManager: Shutting down and abandoning module StreamingPauseRendering (113)
[2015.03.24-09.24.10:966][163]LogModuleManager: Shutting down and abandoning module HTTP (112)
[2015.03.24-09.24.10:969][163]LogModuleManager: Shutting down and abandoning module AnalyticsET (111)
[2015.03.24-09.24.10:969][163]LogModuleManager: Shutting down and abandoning module Analytics (110)
[2015.03.24-09.24.10:969][163]LogModuleManager: Shutting down and abandoning module AITestSuite (109)
[2015.03.24-09.24.10:969][163]LogModuleManager: Shutting down and abandoning module AIModule (108)
[2015.03.24-09.24.10:969][163]LogModuleManager: Shutting down and abandoning module ProfilerService (107)
[2015.03.24-09.24.11:157][163]LogModuleManager: Shutting down and abandoning module TaskGraph (106)
[2015.03.24-09.24.11:157][163]LogModuleManager: Shutting down and abandoning module Landscape (105)
[2015.03.24-09.24.11:157][163]LogModuleManager: Shutting down and abandoning module GameplayDebugger (104)
[2015.03.24-09.24.11:157][163]LogModuleManager: Shutting down and abandoning module SlateRemote (103)
[2015.03.24-09.24.11:157][163]LogModuleManager: Shutting down and abandoning module ScriptEditorPlugin (102)
[2015.03.24-09.24.11:157][163]LogModuleManager: Shutting down and abandoning module CustomMeshComponent (101)
[2015.03.24-09.24.11:157][163]LogModuleManager: Shutting down and abandoning module CableComponent (100)
[2015.03.24-09.24.11:157][163]LogModuleManager: Shutting down and abandoning module MessagingDebugger (99)
[2015.03.24-09.24.11:157][163]LogModuleManager: Shutting down and abandoning module MediaPlayerEditor (98)
[2015.03.24-09.24.11:158][163]LogModuleManager: Shutting down and abandoning module SpeedTreeImporter (97)
[2015.03.24-09.24.11:158][163]LogModuleManager: Shutting down and abandoning module PluginsEditor (96)
[2015.03.24-09.24.11:158][163]LogModuleManager: Shutting down and abandoning module EpicSurvey (95)
[2015.03.24-09.24.11:158][163]LogModuleManager: Shutting down and abandoning module DesktopPlatform (94)
[2015.03.24-09.24.11:158][163]LogModuleManager: Shutting down and abandoning module VisualStudioSourceCodeAccess (93)
[2015.03.24-09.24.11:158][163]LogModuleManager: Shutting down and abandoning module UObjectPlugin (92)
[2015.03.24-09.24.11:158][163]LogModuleManager: Shutting down and abandoning module SubversionSourceControl (91)
[2015.03.24-09.24.11:158][163]LogModuleManager: Shutting down and abandoning module SourceControl (90)
[2015.03.24-09.24.11:158][163]LogModuleManager: Shutting down and abandoning module PerforceSourceControl (89)
[2015.03.24-09.24.11:158][163]LogModuleManager: Shutting down and abandoning module BlankPlugin (88)
[2015.03.24-09.24.11:158][163]LogModuleManager: Shutting down and abandoning module SlateReflector (87)
[2015.03.24-09.24.11:158][163]LogModuleManager: Shutting down and abandoning module DirectoryWatcher (86)
[2015.03.24-09.24.11:159][163]LogModuleManager: Shutting down and abandoning module HotReload (85)
[2015.03.24-09.24.11:159][163]LogModuleManager: Shutting down and abandoning module MainFrame (84)
[2015.03.24-09.24.11:160][163]LogModuleManager: Shutting down and abandoning module LevelEditor (83)
[2015.03.24-09.24.11:163][163]LogModuleManager: Shutting down and abandoning module ViewportSnapping (82)
[2015.03.24-09.24.11:163][163]LogModuleManager: Shutting down and abandoning module SmartSnapping (81)
[2015.03.24-09.24.11:163][163]LogModuleManager: Shutting down and abandoning module PaperTiledImporter (80)
[2015.03.24-09.24.11:163][163]LogModuleManager: Shutting down and abandoning module PaperJsonImporter (79)
[2015.03.24-09.24.11:163][163]LogModuleManager: Shutting down and abandoning module ContentBrowser (78)
[2015.03.24-09.24.11:163][163]LogModuleManager: Shutting down and abandoning module Paper2DEditor (77)
[2015.03.24-09.24.11:163][163]LogModuleManager: Shutting down and abandoning module ScriptPlugin (76)
[2015.03.24-09.24.11:163][163]LogModuleManager: Shutting down and abandoning module UdpMessaging (75)
[2015.03.24-09.24.11:264][163]LogModuleManager: Shutting down and abandoning module Paper2D (74)
[2015.03.24-09.24.11:264][163]LogModuleManager: Shutting down and abandoning module UE4Game (73)
[2015.03.24-09.24.11:264][163]LogModuleManager: Shutting down and abandoning module WindowsMoviePlayer (72)
[2015.03.24-09.24.11:276][163]LogModuleManager: Shutting down and abandoning module Media (71)
[2015.03.24-09.24.11:276][163]LogModuleManager: Shutting down and abandoning module WmfMedia (70)
[2015.03.24-09.24.11:277][163]LogModuleManager: Shutting down and abandoning module OnlineBlueprintSupport (69)
[2015.03.24-09.24.11:277][163]LogModuleManager: Shutting down and abandoning module PropertyEditor (68)
[2015.03.24-09.24.11:277][163]LogModuleManager: Shutting down and abandoning module BehaviorTreeEditor (67)
[2015.03.24-09.24.11:277][163]LogModuleManager: Shutting down and abandoning module FunctionalTesting (66)
[2015.03.24-09.24.11:277][163]LogModuleManager: Shutting down and abandoning module CollisionAnalyzer (65)
[2015.03.24-09.24.11:277][163]LogModuleManager: Shutting down and abandoning module WorkspaceMenuStructure (64)
[2015.03.24-09.24.11:277][163]LogModuleManager: Shutting down and abandoning module MessageLog (63)
[2015.03.24-09.24.11:277][163]LogModuleManager: Shutting down and abandoning module Sequencer (62)
[2015.03.24-09.24.11:277][163]LogModuleManager: Shutting down and abandoning module AssetTools (61)
[2015.03.24-09.24.11:278][163]LogModuleManager: Shutting down and abandoning module UMGEditor (60)
[2015.03.24-09.24.11:278][163]LogModuleManager: Shutting down and abandoning module UMG (59)
[2015.03.24-09.24.11:278][163]LogModuleManager: Shutting down and abandoning module Slate (58)
[2015.03.24-09.24.11:278][163]LogModuleManager: Shutting down and abandoning module EditorStyle (57)
[2015.03.24-09.24.11:292][163]LogModuleManager: Shutting down and abandoning module SessionServices (56)
[2015.03.24-09.24.11:292][163]LogModuleManager: Shutting down and abandoning module SourceCodeAccess (55)
[2015.03.24-09.24.11:292][163]LogModuleManager: Shutting down and abandoning module HeadMountedDisplay (54)
[2015.03.24-09.24.11:292][163]LogModuleManager: Shutting down and abandoning module XAudio2 (53)
[2015.03.24-09.24.11:292][163]LogModuleManager: Shutting down and abandoning module Networking (51)
[2015.03.24-09.24.11:292][163]LogModuleManager: Shutting down and abandoning module Core (50)
[2015.03.24-09.24.11:292][163]LogModuleManager: Shutting down and abandoning module KismetCompiler (49)
[2015.03.24-09.24.11:292][163]LogModuleManager: Shutting down and abandoning module PhysXFormats (48)
[2015.03.24-09.24.11:292][163]LogModuleManager: Shutting down and abandoning module MeshUtilities (47)
[2015.03.24-09.24.11:292][163]LogModuleManager: Shutting down and abandoning module DerivedDataCache (46)
[2015.03.24-09.24.11:706][163]LogDerivedDataCache: Shutdown
[2015.03.24-09.24.11:706][163]LogModuleManager: Shutting down and abandoning module ShaderFormatOpenGL (45)
[2015.03.24-09.24.11:706][163]LogModuleManager: Shutting down and abandoning module ShaderFormatD3D (44)
[2015.03.24-09.24.11:706][163]LogModuleManager: Shutting down and abandoning module MetalShaderFormat (43)
[2015.03.24-09.24.11:706][163]LogModuleManager: Shutting down and abandoning module TextureFormatUncompressed (42)
[2015.03.24-09.24.11:706][163]LogModuleManager: Shutting down and abandoning module TextureFormatPVR (41)
[2015.03.24-09.24.11:706][163]LogModuleManager: Shutting down and abandoning module TextureFormatDXT (40)
[2015.03.24-09.24.11:706][163]LogModuleManager: Shutting down and abandoning module TextureFormatAndroid (39)
[2015.03.24-09.24.11:706][163]LogModuleManager: Shutting down and abandoning module AudioFormatOpus (38)
[2015.03.24-09.24.11:706][163]LogModuleManager: Shutting down and abandoning module AudioFormatOgg (37)
[2015.03.24-09.24.11:706][163]LogModuleManager: Shutting down and abandoning module AudioFormatADPCM (36)
[2015.03.24-09.24.11:706][163]LogModuleManager: Shutting down and abandoning module LinuxTargetPlatform (35)
[2015.03.24-09.24.11:706][163]LogModuleManager: Shutting down and abandoning module LinuxServerTargetPlatform (34)
[2015.03.24-09.24.11:706][163]LogModuleManager: Shutting down and abandoning module LinuxNoEditorTargetPlatform (33)
[2015.03.24-09.24.11:706][163]LogModuleManager: Shutting down and abandoning module Messaging (32)
[2015.03.24-09.24.11:706][163]LogModuleManager: Shutting down and abandoning module IOSTargetPlatform (31)
[2015.03.24-09.24.11:706][163]LogModuleManager: Shutting down and abandoning module Android_PVRTCTargetPlatform (30)
[2015.03.24-09.24.11:707][163]LogModuleManager: Shutting down and abandoning module Android_ETC2TargetPlatform (29)
[2015.03.24-09.24.11:707][163]LogModuleManager: Shutting down and abandoning module Android_ETC1TargetPlatform (28)
[2015.03.24-09.24.11:707][163]LogModuleManager: Shutting down and abandoning module Android_DXTTargetPlatform (27)
[2015.03.24-09.24.11:707][163]LogModuleManager: Shutting down and abandoning module Android_ATCTargetPlatform (26)
[2015.03.24-09.24.11:707][163]LogModuleManager: Shutting down and abandoning module AndroidTargetPlatform (25)
[2015.03.24-09.24.11:707][163]LogModuleManager: Shutting down and abandoning module WindowsTargetPlatform (24)
[2015.03.24-09.24.11:707][163]LogModuleManager: Shutting down and abandoning module WindowsServerTargetPlatform (23)
[2015.03.24-09.24.11:707][163]LogModuleManager: Shutting down and abandoning module WindowsNoEditorTargetPlatform (22)
[2015.03.24-09.24.11:707][163]LogModuleManager: Shutting down and abandoning module WindowsClientTargetPlatform (21)
[2015.03.24-09.24.11:707][163]LogModuleManager: Shutting down and abandoning module TargetPlatform (20)
[2015.03.24-09.24.11:707][163]LogModuleManager: Shutting down and abandoning module InputCore (19)
[2015.03.24-09.24.11:707][163]LogModuleManager: Shutting down and abandoning module Settings (18)
[2015.03.24-09.24.11:707][163]LogModuleManager: Shutting down and abandoning module ImageWrapper (17)
[2015.03.24-09.24.11:707][163]LogModuleManager: Shutting down and abandoning module OculusRift (14)
[2015.03.24-09.24.11:707][163]LogModuleManager: Shutting down and abandoning module ExampleDeviceProfileSelector (13)
[2015.03.24-09.24.11:707][163]LogModuleManager: Shutting down and abandoning module TextureCompressor (12)
[2015.03.24-09.24.11:708][163]LogModuleManager: Shutting down and abandoning module ShaderCore (11)
[2015.03.24-09.24.11:708][163]LogModuleManager: Shutting down and abandoning module SlateRHIRenderer (10)
[2015.03.24-09.24.11:710][163]LogModuleManager: Shutting down and abandoning module OpenGLDrv (9)
[2015.03.24-09.24.11:710][163]LogModuleManager: Shutting down and abandoning module D3D11RHI (8)
[2015.03.24-09.24.11:710][163]LogModuleManager: Shutting down and abandoning module Renderer (7)
[2015.03.24-09.24.11:710][163]LogModuleManager: Shutting down and abandoning module Engine (6)
[2015.03.24-09.24.11:710][163]LogModuleManager: Shutting down and abandoning module CoreUObject (5)
[2015.03.24-09.24.11:710][163]LogModuleManager: Shutting down and abandoning module NetworkFile (4)
[2015.03.24-09.24.11:710][163]LogModuleManager: Shutting down and abandoning module StreamingFile (3)
[2015.03.24-09.24.11:710][163]LogModuleManager: Shutting down and abandoning module SandboxFile (2)
[2015.03.24-09.24.11:710][163]LogModuleManager: Shutting down and abandoning module PakFile (1)
[2015.03.24-09.24.11:711][163]LogExit: Exiting.
[2015.03.24-09.24.11:729][163]Log file closed, 03/24/15 12:24:11
