Log file open, 03/24/15 12:24:40
LogInit:Display: Running engine for game: FPS
LogInit: Version: 4.6.0-2357962+++depot+UE4-Releases+4.6
LogInit: API Version: 2357962
LogInit: Compiled (64-bit): Nov 12 2014 22:31:22
LogInit: Compiled with Visual C++: 18.00.21005.01
LogInit: Build Configuration: Development
LogInit: Branch Name: ++depot+UE4-Releases+4.6
LogInit: Command line: 
LogInit: Base directory: D:/Архив/Программы/UE-4.6/4.6/4.6/Engine/Binaries/Win64/
LogInit: Rocket: 1
[2015.03.24-09.24.40:629][  0]LogTaskGraph: Started task graph with 3 named threads and 4 total threads.
[2015.03.24-09.24.40:681][  0]LogOnline:Warning: No default platform service specified for OnlineSubsystem
[2015.03.24-09.24.40:744][  0]LogInit: Presizing for 0 objects not considered by GC, pre-allocating 0 bytes.
[2015.03.24-09.24.40:779][  0]LogInit: Object subsystem initialized
[2015.03.24-09.24.40:787][  0]LogConsoleResponse:Warning: Skipping Unknown console variable: 'UIScaleRule = ShortestSide'
[2015.03.24-09.24.40:787][  0]LogConsoleResponse:Warning:   Found in ini file 'D:/Архив/Проекты/UE4 Projects/FPS/Saved/Config/Windows/Engine.ini', in section '[/Script/Engine.RendererSettings]'
[2015.03.24-09.24.40:787][  0]LogConsoleResponse:Warning: Skipping Unknown console variable: 'UIScaleCurve = (EditorCurveData=(Keys=),ExternalCurve=None)'
[2015.03.24-09.24.40:787][  0]LogConsoleResponse:Warning:   Found in ini file 'D:/Архив/Проекты/UE4 Projects/FPS/Saved/Config/Windows/Engine.ini', in section '[/Script/Engine.RendererSettings]'
[2015.03.24-09.24.40:788][  0]LogConsoleManager:Warning: Console variable 'r.MSAA.CompositingSampleCount' wasn't set (Priority ProjectSetting < Scalability)
[2015.03.24-09.24.40:789][  0]LogInit: Selected Device Profile: [Windows]
[2015.03.24-09.24.40:789][  0]LogInit: Applying CVar settings loaded from the selected device profile: [Windows]
[2015.03.24-09.24.40:808][  0]LogInit: Computer: VALENTIN-PC
[2015.03.24-09.24.40:808][  0]LogInit: User: Valentin
[2015.03.24-09.24.40:808][  0]LogInit: CPU Page size=4096, Cores=2
[2015.03.24-09.24.40:808][  0]LogInit: High frequency timer resolution =1.753821 MHz
[2015.03.24-09.24.40:808][  0]LogMemory: Memory total: Physical=3.9GB (4GB approx) Virtual=131072.0GB
[2015.03.24-09.24.40:809][  0]LogMemory: Platform Memory Stats for Windows
[2015.03.24-09.24.40:809][  0]LogMemory: Process Physical Memory: 46.92 MB used, 46.92 MB peak
[2015.03.24-09.24.40:809][  0]LogMemory: Process Virtual Memory: 24.07 MB used, 24.07 MB peak
[2015.03.24-09.24.40:809][  0]LogMemory: Physical Memory: 2474.49 MB used, 3983.35 MB total
[2015.03.24-09.24.40:809][  0]LogMemory: Virtual Memory: 270.36 MB used, 134217728.00 MB total
[2015.03.24-09.24.40:868][  0]LogD3D11RHI: Found D3D11 adapter 0: Intel(R) HD Graphics 4000 (Feature Level 11_0)
[2015.03.24-09.24.40:868][  0]LogD3D11RHI: Adapter has 1043MB of dedicated video memory, 0MB of dedicated system memory, and 1991MB of shared system memory, 1 output[s]
[2015.03.24-09.24.40:873][  0]LogD3D11RHI: Found D3D11 adapter 1: Microsoft Basic Render Driver (Feature Level 11_0)
[2015.03.24-09.24.40:873][  0]LogD3D11RHI: Adapter has 0MB of dedicated video memory, 0MB of dedicated system memory, and 256MB of shared system memory, 0 output[s]
[2015.03.24-09.24.40:873][  0]LogD3D11RHI: Chosen D3D11 Adapter Id = 0
[2015.03.24-09.24.40:886][  0]LogRHI: Texture pool is 1361 MB (70% of 1945 MB)
[2015.03.24-09.24.40:919][  0]LogD3D11RHI: Async texture creation enabled
[2015.03.24-09.24.41:028][  0]LogTextLocalizationManager: The requested culture ('ru_RU') has no localization data; falling back to 'en' for localization and internationalization data.
[2015.03.24-09.24.41:679][  0]LogContentStreaming: Texture pool size is 0.000000MB
[2015.03.24-09.25.04:715][  0]LogTargetPlatformManager:Display: Building Assets For Windows
[2015.03.24-09.25.06:765][  0]LogTargetPlatformManager:Display: Building Assets For Windows
[2015.03.24-09.25.06:963][  0]LogDerivedDataCache:Display: Max Cache Size: 512 MB
[2015.03.24-09.25.07:106][  0]LogDerivedDataCache: Loaded boot cache 0.14s 39MB C:/Users/Valentin/AppData/Local/UnrealEngine/4.6/DerivedDataCache/Boot.ddc.
[2015.03.24-09.25.07:106][  0]LogDerivedDataCache:Display: Loaded Boot cache: C:/Users/Valentin/AppData/Local/UnrealEngine/4.6/DerivedDataCache/Boot.ddc
[2015.03.24-09.25.07:107][  0]LogDerivedDataCache: FDerivedDataBackendGraph:  Pak pak cache file ../../../../../../../Проекты/UE4 Projects/FPS/DerivedDataCache/DDC.ddp not found, will not use a pak cache.
[2015.03.24-09.25.07:107][  0]LogDerivedDataCache: Unable to find inner node Pak for hierarchical cache Hierarchy.
[2015.03.24-09.25.07:386][  0]LogDerivedDataCache:Display: Pak cache opened for reading ../../../Engine/DerivedDataCache/DDC.ddp.
[2015.03.24-09.25.07:401][  0]LogDerivedDataCache: Using Local data cache path C:/Users/Valentin/AppData/Local/UnrealEngine/Common/DerivedDataCache: Writable
[2015.03.24-09.25.07:925][  0]LogCollisionProfile:Warning: Profile (UI) - Custom Channel Name = 'Weapon' hasn't been found
[2015.03.24-09.25.07:925][  0]LogCollisionProfile:Warning: Profile (UI) - Custom Channel Name = 'None' hasn't been found
[2015.03.24-09.25.08:518][  0]LogMeshUtilities: No automatic mesh reduction module available
[2015.03.24-09.25.08:518][  0]LogMeshUtilities: No automatic mesh merging module available
[2015.03.24-09.25.09:898][  0]LogInit: WinSock: version 1.1 (2.2), MaxSocks=32767, MaxUdp=65467
[2015.03.24-09.25.10:092][  0]LogSlate:Warning: Failed to load font data from '../../../Engine/Content/Slate/Fonts/Roboto-Italic.ttf'
[2015.03.24-09.25.13:020][  0]UdpMessaging: Initializing bridge on interface 0.0.0.0:0 to multicast group 230.0.0.1:6666.
[2015.03.24-09.25.13:441][  0]LogDirectoryWatcher:Warning: Failed to begin reading directory changes for D:/Архив/Проекты/UE4 Projects/FPS/Binaries/Win64. Error: 0
[2015.03.24-09.25.14:007][  0]SourceControl: Info Source control is disabled
[2015.03.24-09.25.14:008][  0]SourceControl: Info Source control is disabled
[2015.03.24-09.25.14:031][  0]SourceControl: Info Source control is disabled
[2015.03.24-09.25.14:473][  0]LogObj: 23753 objects as part of root set at end of initial load.
[2015.03.24-09.25.14:474][  0]LogUObjectAllocator: 5167992 out of 0 bytes used by permanent object pool.
[2015.03.24-09.25.14:666][  0]LogEngine: Initializing Engine...
[2015.03.24-09.25.15:270][  0]LogInit: XAudio2 using 'Динамики (Realtek High Definition Audio)' : 2 channels at 48 kHz using 32 bits per sample (channel mask 0x3)
[2015.03.24-09.25.15:299][  0]LogInit: FAudioDevice initialized.
[2015.03.24-09.25.15:372][  0]LogAIModule: Creating AISystem for world NewWorld
[2015.03.24-09.25.15:440][  0]LogDerivedDataCache: Saved boot cache 0.07s 39MB C:/Users/Valentin/AppData/Local/UnrealEngine/4.6/DerivedDataCache/Boot.ddc.
[2015.03.24-09.25.15:470][  0]LogInit: Texture streaming: Enabled
[2015.03.24-09.25.15:576][  0]LogAnalytics: Creating configured Analytics provider AnalyticsET
[2015.03.24-09.25.15:576][  0]LogAnalytics: ET APIKey = Rocket.Release. APIServer = http://et2.epicgames.com/ET2/. AppVersion = 4.6.0-2357962+++depot+UE4-Releases+4.6
[2015.03.24-09.25.15:580][  0]LogAnalytics: SetUserId f4e46f2a8456a324a45c4c3e0825851b
[2015.03.24-09.25.15:580][  0]LogAnalytics: AnalyticsET::StartSession [Rocket.Release]
[2015.03.24-09.25.15:638][  0]LogInit: Transaction tracking system initialized
[2015.03.24-09.25.15:958][  0]BlueprintLog: New page: Editor Load
[2015.03.24-09.25.16:033][  0]LogAssetRegistry: FAssetRegistry took 0.0111 seconds to start up
[2015.03.24-09.25.16:035][  0]LogDirectoryWatcher:Warning: Failed to begin reading directory changes for ../../../Engine/Plugins/Experimental/CharacterAI/Content/. Error: 0
[2015.03.24-09.25.18:208][  0]LogTargetPlatformManager:Display: Building Assets For Windows
[2015.03.24-09.25.19:632][  0]LogTargetPlatformManager:Display: Building Assets For Windows
[2015.03.24-09.25.20:233][  0]LogConsoleResponse:Display: 
[2015.03.24-09.25.20:838][  0]LogCookOnTheFly:Display: Sandbox cleanup took 0.025 seconds
[2015.03.24-09.25.36:393][  0]LogCookOnTheFly:Display: Creating asset registry [is editor: 1]
[2015.03.24-09.25.36:393][  0]LogCookOnTheFly:Display: Done creating registry. It took  0.00s.
[2015.03.24-09.25.36:818][  0]SourceControl: Info Source control is disabled
[2015.03.24-09.25.36:818][  0]Cmd: MAP LOAD FILE="../../../../../../../Проекты/UE4 Projects/FPS/Content/Maps/Example_Map.umap" TEMPLATE=0 SHOWPROGRESS=1
[2015.03.24-09.25.36:820][  0]LightingResults: New page: Lighting Build
[2015.03.24-09.25.36:857][  0]MapCheck: New page: Map Check
[2015.03.24-09.25.36:857][  0]LightingResults: New page: Lighting Build
[2015.03.24-09.25.36:934][  0]LogParticles: Destroying 0 GPU particle simulations for FXSystem 0x000000F2859E3E20
[2015.03.24-09.25.38:828][  0]LogEditorServer: Finished looking for orphan Actors (0.000 secs)
[2015.03.24-09.25.38:829][  0]LogAIModule: Creating AISystem for world Example_Map
[2015.03.24-09.25.38:830][  0]Cmd: MAP CHECKDEP
[2015.03.24-09.25.38:830][  0]MapCheck: New page: Example_Map - Mar 24, 2015, 3:25:38 PM
[2015.03.24-09.25.39:122][  0]MapCheck: Info Map check complete: 0 Error(s), 0 Warning(s), took 291.655ms to complete.
[2015.03.24-09.25.39:122][  0]LogFileHelpers: Loading map 'Example_Map' took 2.303
[2015.03.24-09.25.39:287][  0]LogCollectionManager: Loaded 0 collections in 0.004386 seconds
[2015.03.24-09.25.39:773][  0]LogCrashTracker: Crashtracker disabled due to settings.
[2015.03.24-09.25.39:818][  0]LogUObjectGlobals:Warning: Failed to find object 'Class None.'
[2015.03.24-09.25.39:894][  0]LogLoad: Full Startup: 63.74 seconds (BP compile: 0.28 seconds)
[2015.03.24-09.25.40:462][  0]LogRenderer:Warning: Reallocating scene render targets to support 808x592.
[2015.03.24-09.25.41:847][  1]LogContentBrowser:Verbose: The content browser source was changed by the sources view to '/Game/Blueprints'
[2015.03.24-09.25.42:982][  7]LogAssetRegistry: Asset discovery search completed in 26.9601 seconds
[2015.03.24-09.26.10:663][592]LogContentBrowser:Verbose: The content browser source was changed by the sources view to '/Game/Character'
[2015.03.24-09.32.19:486][147]LogContentBrowser:Verbose: The content browser source was changed by the sources view to '/Game/Textures'
[2015.03.24-09.32.24:288][236]LogContentBrowser:Verbose: The content browser source was changed by the sources view to '/Game/Maps'
[2015.03.24-09.32.25:157][261]LogContentBrowser:Verbose: The content browser source was changed by the sources view to '/Game/Meshes'
[2015.03.24-09.32.26:319][290]LogContentBrowser:Verbose: The content browser source was changed by the sources view to '/Game/Blueprints'
[2015.03.24-09.32.42:382][731]LogActorComponent: UnregisterComponent: (/Engine/Transient.ProjectileMovementComponent_0) Not registered. Aborting.
[2015.03.24-09.32.50:818][732]Cmd: QUIT_EDITOR
[2015.03.24-09.32.53:041][732]LogExit: Preparing to exit.
[2015.03.24-09.33.02:690][732]LogExit: Editor shut down
[2015.03.24-09.33.02:691][732]LogExit: Transaction tracking system shut down
[2015.03.24-09.33.02:695][732]LogParticles: Destroying 0 GPU particle simulations for FXSystem 0x000000F2FB95C5E0
[2015.03.24-09.33.13:527][732]LogParticles: Destroying 0 GPU particle simulations for FXSystem 0x000000F28E086DE0
[2015.03.24-09.33.13:527][732]LogParticles: Destroying 0 GPU particle simulations for FXSystem 0x000000F2FAF5C360
[2015.03.24-09.33.13:527][732]LogExit: Object subsystem successfully closed.
[2015.03.24-09.33.17:202][732]LogModuleManager: Shutting down and abandoning module AndroidDeviceDetection (172)
[2015.03.24-09.33.17:202][732]LogModuleManager: Shutting down and abandoning module CrashTracker (171)
[2015.03.24-09.33.17:202][732]LogModuleManager: Shutting down and abandoning module SuperSearch (170)
[2015.03.24-09.33.17:202][732]LogModuleManager: Shutting down and abandoning module SceneOutliner (169)
[2015.03.24-09.33.17:202][732]LogModuleManager: Shutting down and abandoning module EditorWidgets (168)
[2015.03.24-09.33.17:202][732]LogModuleManager: Shutting down and abandoning module CollectionManager (167)
[2015.03.24-09.33.17:285][732]LogModuleManager: Shutting down and abandoning module StatsViewer (166)
[2015.03.24-09.33.17:354][732]LogModuleManager: Shutting down and abandoning module FoliageEdit (165)
[2015.03.24-09.33.17:363][732]LogModuleManager: Shutting down and abandoning module LandscapeEditor (164)
[2015.03.24-09.33.17:385][732]LogModuleManager: Shutting down and abandoning module MeshPaint (163)
[2015.03.24-09.33.17:417][732]LogModuleManager: Shutting down and abandoning module ActorPickerMode (162)
[2015.03.24-09.33.17:417][732]LogModuleManager: Shutting down and abandoning module GeometryMode (161)
[2015.03.24-09.33.17:417][732]LogModuleManager: Shutting down and abandoning module TextureAlignMode (160)
[2015.03.24-09.33.17:417][732]LogModuleManager: Shutting down and abandoning module BspMode (159)
[2015.03.24-09.33.17:417][732]LogModuleManager: Shutting down and abandoning module PlacementMode (158)
[2015.03.24-09.33.17:417][732]LogModuleManager: Shutting down and abandoning module AutomationWorker (157)
[2015.03.24-09.33.17:417][732]LogModuleManager: Shutting down and abandoning module CharacterAI (156)
[2015.03.24-09.33.17:417][732]LogModuleManager: Shutting down and abandoning module GameProjectGeneration (155)
[2015.03.24-09.33.17:501][732]LogModuleManager: Shutting down and abandoning module IntroTutorials (154)
[2015.03.24-09.33.17:701][732]LogModuleManager: Shutting down and abandoning module EditorLiveStreaming (153)
[2015.03.24-09.33.17:701][732]LogModuleManager: Shutting down and abandoning module HardwareTargeting (152)
[2015.03.24-09.33.17:701][732]LogModuleManager: Shutting down and abandoning module DeviceProfileEditor (151)
[2015.03.24-09.33.17:701][732]LogModuleManager: Shutting down and abandoning module UndoHistory (150)
[2015.03.24-09.33.17:730][732]LogModuleManager: Shutting down and abandoning module GameplayTagsEditor (149)
[2015.03.24-09.33.17:730][732]LogModuleManager: Shutting down and abandoning module UserFeedback (148)
[2015.03.24-09.33.17:730][732]LogModuleManager: Shutting down and abandoning module XmlParser (147)
[2015.03.24-09.33.17:801][732]LogModuleManager: Shutting down and abandoning module Blutility (146)
[2015.03.24-09.33.17:802][732]LogModuleManager: Shutting down and abandoning module IOSPlatformEditor (145)
[2015.03.24-09.33.17:802][732]LogModuleManager: Shutting down and abandoning module IOSRuntimeSettings (144)
[2015.03.24-09.33.17:802][732]LogModuleManager: Shutting down and abandoning module AndroidPlatformEditor (143)
[2015.03.24-09.33.17:831][732]LogModuleManager: Shutting down and abandoning module AndroidRuntimeSettings (142)
[2015.03.24-09.33.17:831][732]LogModuleManager: Shutting down and abandoning module ProjectTargetPlatformEditor (141)
[2015.03.24-09.33.17:939][732]LogModuleManager: Shutting down and abandoning module ProjectSettingsViewer (140)
[2015.03.24-09.33.17:940][732]LogModuleManager: Shutting down and abandoning module InputBindingEditor (139)
[2015.03.24-09.33.18:020][732]LogModuleManager: Shutting down and abandoning module EditorSettingsViewer (138)
[2015.03.24-09.33.18:020][732]LogModuleManager: Shutting down and abandoning module SettingsEditor (137)
[2015.03.24-09.33.18:032][732]LogModuleManager: Shutting down and abandoning module ProjectLauncher (136)
[2015.03.24-09.33.18:107][732]LogModuleManager: Shutting down and abandoning module SessionFrontend (135)
[2015.03.24-09.33.18:145][732]LogModuleManager: Shutting down and abandoning module ProfilerClient (134)
[2015.03.24-09.33.18:160][732]LogModuleManager: Shutting down and abandoning module TargetDeviceServices (133)
[2015.03.24-09.33.18:160][732]LogModuleManager: Shutting down and abandoning module DeviceManager (132)
[2015.03.24-09.33.18:254][732]LogModuleManager: Shutting down and abandoning module AutomationController (131)
[2015.03.24-09.33.18:324][732]LogModuleManager: Shutting down and abandoning module AutomationWindow (130)
[2015.03.24-09.33.18:343][732]LogModuleManager: Shutting down and abandoning module Layers (129)
[2015.03.24-09.33.18:462][732]LogModuleManager: Shutting down and abandoning module ComponentVisualizers (128)
[2015.03.24-09.33.18:463][732]LogModuleManager: Shutting down and abandoning module DetailCustomizations (127)
[2015.03.24-09.33.18:654][732]LogModuleManager: Shutting down and abandoning module PackagesDialog (126)
[2015.03.24-09.33.18:789][732]LogModuleManager: Shutting down and abandoning module AssetRegistry (125)
[2015.03.24-09.33.19:144][732]LogModuleManager: Shutting down and abandoning module Persona (124)
[2015.03.24-09.33.20:031][732]LogModuleManager: Shutting down and abandoning module Kismet (123)
[2015.03.24-09.33.20:857][732]LogModuleManager: Shutting down and abandoning module GraphEditor (122)
[2015.03.24-09.33.21:277][732]LogModuleManager: Shutting down and abandoning module ClassViewer (121)
[2015.03.24-09.33.21:412][732]LogModuleManager: Shutting down and abandoning module Toolbox (120)
[2015.03.24-09.33.21:412][732]LogModuleManager: Shutting down and abandoning module ModuleUI (119)
[2015.03.24-09.33.21:479][732]LogModuleManager: Shutting down and abandoning module MovieSceneTools (118)
[2015.03.24-09.33.21:742][732]LogModuleManager: Shutting down and abandoning module OutputLog (117)
[2015.03.24-09.33.21:742][732]LogModuleManager: Shutting down and abandoning module GammaUI (116)
[2015.03.24-09.33.21:794][732]LogModuleManager: Shutting down and abandoning module Documentation (115)
[2015.03.24-09.33.21:795][732]LogModuleManager: Shutting down and abandoning module GameLiveStreaming (114)
[2015.03.24-09.33.21:807][732]LogModuleManager: Shutting down and abandoning module StreamingPauseRendering (113)
[2015.03.24-09.33.21:807][732]LogModuleManager: Shutting down and abandoning module HTTP (112)
[2015.03.24-09.33.21:807][732]LogModuleManager: Shutting down and abandoning module AnalyticsET (111)
[2015.03.24-09.33.21:807][732]LogModuleManager: Shutting down and abandoning module Analytics (110)
[2015.03.24-09.33.21:807][732]LogModuleManager: Shutting down and abandoning module AITestSuite (109)
[2015.03.24-09.33.21:851][732]LogModuleManager: Shutting down and abandoning module AIModule (108)
[2015.03.24-09.33.21:907][732]LogModuleManager: Shutting down and abandoning module ProfilerService (107)
[2015.03.24-09.33.22:109][732]LogModuleManager: Shutting down and abandoning module TaskGraph (106)
[2015.03.24-09.33.22:650][732]LogModuleManager: Shutting down and abandoning module Landscape (105)
[2015.03.24-09.33.22:650][732]LogModuleManager: Shutting down and abandoning module GameplayDebugger (104)
[2015.03.24-09.33.22:750][732]LogModuleManager: Shutting down and abandoning module SlateRemote (103)
[2015.03.24-09.33.22:750][732]LogModuleManager: Shutting down and abandoning module ScriptEditorPlugin (102)
[2015.03.24-09.33.22:750][732]LogModuleManager: Shutting down and abandoning module CustomMeshComponent (101)
[2015.03.24-09.33.22:750][732]LogModuleManager: Shutting down and abandoning module CableComponent (100)
[2015.03.24-09.33.22:750][732]LogModuleManager: Shutting down and abandoning module MessagingDebugger (99)
[2015.03.24-09.33.23:195][732]LogModuleManager: Shutting down and abandoning module MediaPlayerEditor (98)
[2015.03.24-09.33.23:220][732]LogModuleManager: Shutting down and abandoning module SpeedTreeImporter (97)
[2015.03.24-09.33.23:220][732]LogModuleManager: Shutting down and abandoning module PluginsEditor (96)
[2015.03.24-09.33.23:220][732]LogModuleManager: Shutting down and abandoning module EpicSurvey (95)
[2015.03.24-09.33.23:220][732]LogModuleManager: Shutting down and abandoning module DesktopPlatform (94)
[2015.03.24-09.33.23:273][732]LogModuleManager: Shutting down and abandoning module VisualStudioSourceCodeAccess (93)
[2015.03.24-09.33.23:470][732]LogModuleManager: Shutting down and abandoning module UObjectPlugin (92)
[2015.03.24-09.33.23:470][732]LogModuleManager: Shutting down and abandoning module SubversionSourceControl (91)
[2015.03.24-09.33.23:577][732]LogModuleManager: Shutting down and abandoning module SourceControl (90)
[2015.03.24-09.33.23:647][732]LogModuleManager: Shutting down and abandoning module PerforceSourceControl (89)
[2015.03.24-09.33.23:767][732]LogModuleManager: Shutting down and abandoning module BlankPlugin (88)
[2015.03.24-09.33.23:767][732]LogModuleManager: Shutting down and abandoning module SlateReflector (87)
[2015.03.24-09.33.23:819][732]LogModuleManager: Shutting down and abandoning module DirectoryWatcher (86)
[2015.03.24-09.33.23:824][732]LogModuleManager: Shutting down and abandoning module HotReload (85)
[2015.03.24-09.33.23:824][732]LogModuleManager: Shutting down and abandoning module MainFrame (84)
[2015.03.24-09.33.23:824][732]LogModuleManager: Shutting down and abandoning module LevelEditor (83)
[2015.03.24-09.33.23:875][732]LogModuleManager: Shutting down and abandoning module ViewportSnapping (82)
[2015.03.24-09.33.23:875][732]LogModuleManager: Shutting down and abandoning module SmartSnapping (81)
[2015.03.24-09.33.23:929][732]LogModuleManager: Shutting down and abandoning module PaperTiledImporter (80)
[2015.03.24-09.33.23:929][732]LogModuleManager: Shutting down and abandoning module PaperJsonImporter (79)
[2015.03.24-09.33.23:930][732]LogModuleManager: Shutting down and abandoning module ContentBrowser (78)
[2015.03.24-09.33.23:930][732]LogModuleManager: Shutting down and abandoning module Paper2DEditor (77)
[2015.03.24-09.33.24:442][732]LogModuleManager: Shutting down and abandoning module ScriptPlugin (76)
[2015.03.24-09.33.24:586][732]LogModuleManager: Shutting down and abandoning module UdpMessaging (75)
[2015.03.24-09.33.24:687][732]LogModuleManager: Shutting down and abandoning module Paper2D (74)
[2015.03.24-09.33.24:719][732]LogModuleManager: Shutting down and abandoning module UE4Game (73)
[2015.03.24-09.33.24:719][732]LogModuleManager: Shutting down and abandoning module WindowsMoviePlayer (72)
[2015.03.24-09.33.25:092][732]LogModuleManager: Shutting down and abandoning module Media (71)
[2015.03.24-09.33.25:092][732]LogModuleManager: Shutting down and abandoning module WmfMedia (70)
[2015.03.24-09.33.25:133][732]LogModuleManager: Shutting down and abandoning module OnlineBlueprintSupport (69)
[2015.03.24-09.33.25:133][732]LogModuleManager: Shutting down and abandoning module PropertyEditor (68)
[2015.03.24-09.33.25:457][732]LogModuleManager: Shutting down and abandoning module BehaviorTreeEditor (67)
[2015.03.24-09.33.25:609][732]LogModuleManager: Shutting down and abandoning module FunctionalTesting (66)
[2015.03.24-09.33.25:694][732]LogModuleManager: Shutting down and abandoning module CollisionAnalyzer (65)
[2015.03.24-09.33.25:791][732]LogModuleManager: Shutting down and abandoning module WorkspaceMenuStructure (64)
[2015.03.24-09.33.25:791][732]LogModuleManager: Shutting down and abandoning module MessageLog (63)
[2015.03.24-09.33.25:791][732]LogModuleManager: Shutting down and abandoning module Sequencer (62)
[2015.03.24-09.33.26:314][732]LogModuleManager: Shutting down and abandoning module AssetTools (61)
[2015.03.24-09.33.26:774][732]LogModuleManager: Shutting down and abandoning module UMGEditor (60)
[2015.03.24-09.33.26:923][732]LogModuleManager: Shutting down and abandoning module UMG (59)
[2015.03.24-09.33.27:006][732]LogModuleManager: Shutting down and abandoning module Slate (58)
[2015.03.24-09.33.27:006][732]LogModuleManager: Shutting down and abandoning module EditorStyle (57)
[2015.03.24-09.33.27:154][732]LogModuleManager: Shutting down and abandoning module SessionServices (56)
[2015.03.24-09.33.27:154][732]LogModuleManager: Shutting down and abandoning module SourceCodeAccess (55)
[2015.03.24-09.33.27:154][732]LogModuleManager: Shutting down and abandoning module HeadMountedDisplay (54)
[2015.03.24-09.33.27:154][732]LogModuleManager: Shutting down and abandoning module XAudio2 (53)
[2015.03.24-09.33.27:154][732]LogModuleManager: Shutting down and abandoning module Networking (51)
[2015.03.24-09.33.27:154][732]LogModuleManager: Shutting down and abandoning module Core (50)
[2015.03.24-09.33.27:154][732]LogModuleManager: Shutting down and abandoning module KismetCompiler (49)
[2015.03.24-09.33.27:154][732]LogModuleManager: Shutting down and abandoning module PhysXFormats (48)
[2015.03.24-09.33.27:154][732]LogModuleManager: Shutting down and abandoning module MeshUtilities (47)
[2015.03.24-09.33.27:231][732]LogModuleManager: Shutting down and abandoning module DerivedDataCache (46)
[2015.03.24-09.33.27:364][732]LogDerivedDataCache: Shutdown
[2015.03.24-09.33.27:364][732]LogModuleManager: Shutting down and abandoning module ShaderFormatOpenGL (45)
[2015.03.24-09.33.27:407][732]LogModuleManager: Shutting down and abandoning module ShaderFormatD3D (44)
[2015.03.24-09.33.27:449][732]LogModuleManager: Shutting down and abandoning module MetalShaderFormat (43)
[2015.03.24-09.33.27:519][732]LogModuleManager: Shutting down and abandoning module TextureFormatUncompressed (42)
[2015.03.24-09.33.27:519][732]LogModuleManager: Shutting down and abandoning module TextureFormatPVR (41)
[2015.03.24-09.33.27:579][732]LogModuleManager: Shutting down and abandoning module TextureFormatDXT (40)
[2015.03.24-09.33.27:597][732]LogModuleManager: Shutting down and abandoning module TextureFormatAndroid (39)
[2015.03.24-09.33.27:597][732]LogModuleManager: Shutting down and abandoning module AudioFormatOpus (38)
[2015.03.24-09.33.27:630][732]LogModuleManager: Shutting down and abandoning module AudioFormatOgg (37)
[2015.03.24-09.33.27:630][732]LogModuleManager: Shutting down and abandoning module AudioFormatADPCM (36)
[2015.03.24-09.33.27:630][732]LogModuleManager: Shutting down and abandoning module LinuxTargetPlatform (35)
[2015.03.24-09.33.27:630][732]LogModuleManager: Shutting down and abandoning module LinuxServerTargetPlatform (34)
[2015.03.24-09.33.27:630][732]LogModuleManager: Shutting down and abandoning module LinuxNoEditorTargetPlatform (33)
[2015.03.24-09.33.27:630][732]LogModuleManager: Shutting down and abandoning module Messaging (32)
[2015.03.24-09.33.27:630][732]LogModuleManager: Shutting down and abandoning module IOSTargetPlatform (31)
[2015.03.24-09.33.27:630][732]LogModuleManager: Shutting down and abandoning module Android_PVRTCTargetPlatform (30)
[2015.03.24-09.33.27:630][732]LogModuleManager: Shutting down and abandoning module Android_ETC2TargetPlatform (29)
[2015.03.24-09.33.27:631][732]LogModuleManager: Shutting down and abandoning module Android_ETC1TargetPlatform (28)
[2015.03.24-09.33.27:631][732]LogModuleManager: Shutting down and abandoning module Android_DXTTargetPlatform (27)
[2015.03.24-09.33.27:631][732]LogModuleManager: Shutting down and abandoning module Android_ATCTargetPlatform (26)
[2015.03.24-09.33.27:631][732]LogModuleManager: Shutting down and abandoning module AndroidTargetPlatform (25)
[2015.03.24-09.33.27:631][732]LogModuleManager: Shutting down and abandoning module WindowsTargetPlatform (24)
[2015.03.24-09.33.27:631][732]LogModuleManager: Shutting down and abandoning module WindowsServerTargetPlatform (23)
[2015.03.24-09.33.27:631][732]LogModuleManager: Shutting down and abandoning module WindowsNoEditorTargetPlatform (22)
[2015.03.24-09.33.27:631][732]LogModuleManager: Shutting down and abandoning module WindowsClientTargetPlatform (21)
[2015.03.24-09.33.27:631][732]LogModuleManager: Shutting down and abandoning module TargetPlatform (20)
[2015.03.24-09.33.27:631][732]LogModuleManager: Shutting down and abandoning module InputCore (19)
[2015.03.24-09.33.27:631][732]LogModuleManager: Shutting down and abandoning module Settings (18)
[2015.03.24-09.33.27:631][732]LogModuleManager: Shutting down and abandoning module ImageWrapper (17)
[2015.03.24-09.33.27:631][732]LogModuleManager: Shutting down and abandoning module OculusRift (14)
[2015.03.24-09.33.27:677][732]LogModuleManager: Shutting down and abandoning module ExampleDeviceProfileSelector (13)
[2015.03.24-09.33.27:677][732]LogModuleManager: Shutting down and abandoning module TextureCompressor (12)
[2015.03.24-09.33.27:708][732]LogModuleManager: Shutting down and abandoning module ShaderCore (11)
[2015.03.24-09.33.27:709][732]LogModuleManager: Shutting down and abandoning module SlateRHIRenderer (10)
[2015.03.24-09.33.27:757][732]LogModuleManager: Shutting down and abandoning module OpenGLDrv (9)
[2015.03.24-09.33.27:757][732]LogModuleManager: Shutting down and abandoning module D3D11RHI (8)
[2015.03.24-09.33.27:757][732]LogModuleManager: Shutting down and abandoning module Renderer (7)
[2015.03.24-09.33.27:757][732]LogModuleManager: Shutting down and abandoning module Engine (6)
[2015.03.24-09.33.27:757][732]LogModuleManager: Shutting down and abandoning module CoreUObject (5)
[2015.03.24-09.33.27:757][732]LogModuleManager: Shutting down and abandoning module NetworkFile (4)
[2015.03.24-09.33.27:793][732]LogModuleManager: Shutting down and abandoning module StreamingFile (3)
[2015.03.24-09.33.27:847][732]LogModuleManager: Shutting down and abandoning module SandboxFile (2)
[2015.03.24-09.33.27:847][732]LogModuleManager: Shutting down and abandoning module PakFile (1)
[2015.03.24-09.33.27:929][732]LogExit: Exiting.
[2015.03.24-09.33.27:950][732]Log file closed, 03/24/15 12:33:27
