Log file open, 03/24/15 11:59:05
LogInit:Display: Running engine for game: FPS
LogInit: Version: 4.6.0-2357962+++depot+UE4-Releases+4.6
LogInit: API Version: 2357962
LogInit: Compiled (64-bit): Nov 12 2014 22:31:22
LogInit: Compiled with Visual C++: 18.00.21005.01
LogInit: Build Configuration: Development
LogInit: Branch Name: ++depot+UE4-Releases+4.6
LogInit: Command line: 
LogInit: Base directory: D:/Архив/Программы/UE-4.6/4.6/4.6/Engine/Binaries/Win64/
LogInit: Rocket: 1
[2015.03.24-08.59.05:316][  0]LogTaskGraph: Started task graph with 3 named threads and 4 total threads.
[2015.03.24-08.59.05:396][  0]LogOnline:Warning: No default platform service specified for OnlineSubsystem
[2015.03.24-08.59.05:503][  0]LogInit: Presizing for 0 objects not considered by GC, pre-allocating 0 bytes.
[2015.03.24-08.59.05:562][  0]LogInit: Object subsystem initialized
[2015.03.24-08.59.05:579][  0]LogInit: Selected Device Profile: [Windows]
[2015.03.24-08.59.05:579][  0]LogInit: Applying CVar settings loaded from the selected device profile: [Windows]
[2015.03.24-08.59.05:602][  0]LogInit: Computer: VALENTIN-PC
[2015.03.24-08.59.05:602][  0]LogInit: User: Valentin
[2015.03.24-08.59.05:602][  0]LogInit: CPU Page size=4096, Cores=2
[2015.03.24-08.59.05:602][  0]LogInit: High frequency timer resolution =1.753821 MHz
[2015.03.24-08.59.05:603][  0]LogMemory: Memory total: Physical=3.9GB (4GB approx) Virtual=131072.0GB
[2015.03.24-08.59.05:604][  0]LogMemory: Platform Memory Stats for Windows
[2015.03.24-08.59.05:604][  0]LogMemory: Process Physical Memory: 45.36 MB used, 45.36 MB peak
[2015.03.24-08.59.05:604][  0]LogMemory: Process Virtual Memory: 21.14 MB used, 21.14 MB peak
[2015.03.24-08.59.05:606][  0]LogMemory: Physical Memory: 2611.33 MB used, 3983.35 MB total
[2015.03.24-08.59.05:606][  0]LogMemory: Virtual Memory: 269.54 MB used, 134217728.00 MB total
[2015.03.24-08.59.05:679][  0]LogD3D11RHI: Found D3D11 adapter 0: Intel(R) HD Graphics 4000 (Feature Level 11_0)
[2015.03.24-08.59.05:679][  0]LogD3D11RHI: Adapter has 1043MB of dedicated video memory, 0MB of dedicated system memory, and 1991MB of shared system memory, 1 output[s]
[2015.03.24-08.59.05:684][  0]LogD3D11RHI: Found D3D11 adapter 1: Microsoft Basic Render Driver (Feature Level 11_0)
[2015.03.24-08.59.05:684][  0]LogD3D11RHI: Adapter has 0MB of dedicated video memory, 0MB of dedicated system memory, and 256MB of shared system memory, 0 output[s]
[2015.03.24-08.59.05:684][  0]LogD3D11RHI: Chosen D3D11 Adapter Id = 0
[2015.03.24-08.59.05:700][  0]LogRHI: Texture pool is 1361 MB (70% of 1945 MB)
[2015.03.24-08.59.05:758][  0]LogD3D11RHI: Async texture creation enabled
[2015.03.24-08.59.05:898][  0]LogTextLocalizationManager: The requested culture ('ru_RU') has no localization data; falling back to 'en' for localization and internationalization data.
[2015.03.24-08.59.06:607][  0]LogContentStreaming: Texture pool size is 0.000000MB
[2015.03.24-08.59.31:763][  0]LogTargetPlatformManager:Display: Building Assets For Windows
[2015.03.24-08.59.33:834][  0]LogTargetPlatformManager:Display: Building Assets For Windows
[2015.03.24-08.59.34:032][  0]LogDerivedDataCache:Display: Max Cache Size: 512 MB
[2015.03.24-08.59.34:174][  0]LogDerivedDataCache: Loaded boot cache 0.14s 39MB C:/Users/Valentin/AppData/Local/UnrealEngine/4.6/DerivedDataCache/Boot.ddc.
[2015.03.24-08.59.34:174][  0]LogDerivedDataCache:Display: Loaded Boot cache: C:/Users/Valentin/AppData/Local/UnrealEngine/4.6/DerivedDataCache/Boot.ddc
[2015.03.24-08.59.34:175][  0]LogDerivedDataCache: FDerivedDataBackendGraph:  Pak pak cache file ../../../../../../../Проекты/UE4 Projects/FPS/DerivedDataCache/DDC.ddp not found, will not use a pak cache.
[2015.03.24-08.59.34:175][  0]LogDerivedDataCache: Unable to find inner node Pak for hierarchical cache Hierarchy.
[2015.03.24-08.59.34:459][  0]LogDerivedDataCache:Display: Pak cache opened for reading ../../../Engine/DerivedDataCache/DDC.ddp.
[2015.03.24-08.59.34:475][  0]LogDerivedDataCache: Using Local data cache path C:/Users/Valentin/AppData/Local/UnrealEngine/Common/DerivedDataCache: Writable
[2015.03.24-08.59.35:003][  0]LogCollisionProfile:Warning: Profile (UI) - Custom Channel Name = 'Weapon' hasn't been found
[2015.03.24-08.59.35:003][  0]LogCollisionProfile:Warning: Profile (UI) - Custom Channel Name = 'None' hasn't been found
[2015.03.24-08.59.35:613][  0]LogMeshUtilities: No automatic mesh reduction module available
[2015.03.24-08.59.35:613][  0]LogMeshUtilities: No automatic mesh merging module available
[2015.03.24-08.59.37:159][  0]LogInit: WinSock: version 1.1 (2.2), MaxSocks=32767, MaxUdp=65467
[2015.03.24-08.59.37:359][  0]LogSlate:Warning: Failed to load font data from '../../../Engine/Content/Slate/Fonts/Roboto-Italic.ttf'
[2015.03.24-08.59.41:055][  0]UdpMessaging: Initializing bridge on interface 0.0.0.0:0 to multicast group 230.0.0.1:6666.
[2015.03.24-08.59.41:503][  0]LogDirectoryWatcher:Warning: Failed to begin reading directory changes for D:/Архив/Проекты/UE4 Projects/FPS/Binaries/Win64. Error: 0
[2015.03.24-08.59.42:084][  0]SourceControl: Info Source control is disabled
[2015.03.24-08.59.42:085][  0]SourceControl: Info Source control is disabled
[2015.03.24-08.59.42:109][  0]SourceControl: Info Source control is disabled
[2015.03.24-08.59.42:576][  0]LogObj: 23753 objects as part of root set at end of initial load.
[2015.03.24-08.59.42:576][  0]LogUObjectAllocator: 5167984 out of 0 bytes used by permanent object pool.
[2015.03.24-08.59.42:764][  0]LogEngine: Initializing Engine...
[2015.03.24-08.59.43:364][  0]LogInit: XAudio2 using 'Динамики (Realtek High Definition Audio)' : 2 channels at 48 kHz using 32 bits per sample (channel mask 0x3)
[2015.03.24-08.59.43:395][  0]LogInit: FAudioDevice initialized.
[2015.03.24-08.59.43:468][  0]LogAIModule: Creating AISystem for world NewWorld
[2015.03.24-08.59.43:589][  0]LogDerivedDataCache: Saved boot cache 0.12s 39MB C:/Users/Valentin/AppData/Local/UnrealEngine/4.6/DerivedDataCache/Boot.ddc.
[2015.03.24-08.59.43:608][  0]LogInit: Texture streaming: Enabled
[2015.03.24-08.59.43:710][  0]LogAnalytics: Creating configured Analytics provider AnalyticsET
[2015.03.24-08.59.43:710][  0]LogAnalytics: ET APIKey = Rocket.Release. APIServer = http://et2.epicgames.com/ET2/. AppVersion = 4.6.0-2357962+++depot+UE4-Releases+4.6
[2015.03.24-08.59.43:714][  0]LogAnalytics: SetUserId f4e46f2a8456a324a45c4c3e0825851b
[2015.03.24-08.59.43:714][  0]LogAnalytics: AnalyticsET::StartSession [Rocket.Release]
[2015.03.24-08.59.43:784][  0]LogInit: Transaction tracking system initialized
[2015.03.24-08.59.44:109][  0]BlueprintLog: New page: Editor Load
[2015.03.24-08.59.44:194][  0]LogAssetRegistry: FAssetRegistry took 0.0113 seconds to start up
[2015.03.24-08.59.44:196][  0]LogDirectoryWatcher:Warning: Failed to begin reading directory changes for ../../../Engine/Plugins/Experimental/CharacterAI/Content/. Error: 0
[2015.03.24-08.59.46:555][  0]LogTargetPlatformManager:Display: Building Assets For Windows
[2015.03.24-08.59.47:903][  0]LogTargetPlatformManager:Display: Building Assets For Windows
[2015.03.24-08.59.56:439][  0]LogConsoleResponse:Display: 
[2015.03.24-08.59.57:040][  0]LogCookOnTheFly:Display: Sandbox cleanup took 0.005 seconds
[2015.03.24-09.00.13:815][  0]LogCookOnTheFly:Display: Creating asset registry [is editor: 1]
[2015.03.24-09.00.13:815][  0]LogCookOnTheFly:Display: Done creating registry. It took  0.00s.
[2015.03.24-09.00.14:206][  0]SourceControl: Info Source control is disabled
[2015.03.24-09.00.14:206][  0]Cmd: MAP LOAD FILE="../../../../../../../Проекты/UE4 Projects/FPS/Content/Maps/Example_Map.umap" TEMPLATE=0 SHOWPROGRESS=1
[2015.03.24-09.00.14:208][  0]LightingResults: New page: Lighting Build
[2015.03.24-09.00.14:241][  0]MapCheck: New page: Map Check
[2015.03.24-09.00.14:241][  0]LightingResults: New page: Lighting Build
[2015.03.24-09.00.14:303][  0]LogParticles: Destroying 0 GPU particle simulations for FXSystem 0x0000004C38003E20
[2015.03.24-09.00.16:256][  0]LogEditorServer: Finished